2020-11-11 21:52:35,148 [Worker-7: Loading available Gradle versions] INFO  o.e.b.c.i.u.g.PublishedGradleVersions - Gradle version information cache is up-to-date. Trying to read.
2020-11-11 21:57:51,387 [Worker-18: Building workspace] INFO  o.e.m.c.i.l.LifecycleMappingFactory - Using org.eclipse.m2e.jdt.JarLifecycleMapping lifecycle mapping for MavenProject: Academy:E2EProject:0.0.1-SNAPSHOT @ C:\Users\HP\eclipse-workspace\E2EProject\pom.xml.
2020-11-11 21:57:51,387 [Worker-13: Updating Maven Dependencies] INFO  o.e.m.c.i.l.LifecycleMappingFactory - Using org.eclipse.m2e.jdt.JarLifecycleMapping lifecycle mapping for MavenProject: iNet001:iNet001:0.0.1-SNAPSHOT @ C:\Users\HP\eclipse-workspace\iNet001\pom.xml.
2020-11-11 21:58:05,666 [Worker-18: Building workspace] INFO  o.e.m.c.i.embedder.EclipseLogger - Using 'UTF-8' encoding to copy filtered resources.
2020-11-11 21:58:05,686 [Worker-18: Building workspace] INFO  o.e.m.c.i.embedder.EclipseLogger - skip non existing resourceDirectory C:\Users\HP\eclipse-workspace\E2EProject\src\main\resources
2020-11-11 21:58:05,688 [Worker-18: Building workspace] INFO  o.e.m.c.i.embedder.EclipseLogger - Using 'UTF-8' encoding to copy filtered resources.
2020-11-11 21:58:05,689 [Worker-18: Building workspace] INFO  o.e.m.c.i.embedder.EclipseLogger - skip non existing resourceDirectory C:\Users\HP\eclipse-workspace\E2EProject\src\test\resources
2020-11-11 21:58:07,076 [Worker-9: Building workspace] INFO  o.e.m.c.i.embedder.EclipseLogger - Using 'UTF-8' encoding to copy filtered resources.
2020-11-11 21:58:07,078 [Worker-9: Building workspace] INFO  o.e.m.c.i.embedder.EclipseLogger - skip non existing resourceDirectory C:\Users\HP\eclipse-workspace\E2EProject\src\main\resources
2020-11-11 21:58:07,080 [Worker-9: Building workspace] INFO  o.e.m.c.i.embedder.EclipseLogger - Using 'UTF-8' encoding to copy filtered resources.
2020-11-11 21:58:07,081 [Worker-9: Building workspace] INFO  o.e.m.c.i.embedder.EclipseLogger - skip non existing resourceDirectory C:\Users\HP\eclipse-workspace\E2EProject\src\test\resources
2020-11-11 21:58:07,503 [Worker-21: Updating Maven Dependencies] INFO  o.e.m.c.i.l.LifecycleMappingFactory - Using org.eclipse.m2e.jdt.JarLifecycleMapping lifecycle mapping for MavenProject: iNet001:iNet001:0.0.1-SNAPSHOT @ C:\Users\HP\eclipse-workspace\iNet001\pom.xml.
2020-11-11 21:58:08,256 [Worker-9: Building workspace] INFO  o.e.m.c.i.l.LifecycleMappingFactory - Using org.eclipse.m2e.jdt.JarLifecycleMapping lifecycle mapping for MavenProject: TradeMe_Sandbox:UsedCars:0.0.1-SNAPSHOT @ C:\Users\HP\eclipse-workspace\UsedCars\pom.xml.
2020-11-11 21:58:39,662 [Worker-9: Building workspace] INFO  o.e.m.c.i.embedder.EclipseLogger - Using 'UTF-8' encoding to copy filtered resources.
2020-11-11 21:58:39,663 [Worker-9: Building workspace] INFO  o.e.m.c.i.embedder.EclipseLogger - skip non existing resourceDirectory C:\Users\HP\eclipse-workspace\UsedCars\src\main\resources
2020-11-11 21:58:39,667 [Worker-9: Building workspace] INFO  o.e.m.c.i.embedder.EclipseLogger - Using 'UTF-8' encoding to copy filtered resources.
2020-11-11 21:58:39,669 [Worker-9: Building workspace] INFO  o.e.m.c.i.embedder.EclipseLogger - skip non existing resourceDirectory C:\Users\HP\eclipse-workspace\UsedCars\src\test\resources
2020-11-11 21:58:40,892 [Worker-9: Building workspace] INFO  o.e.m.c.i.l.LifecycleMappingFactory - Using org.eclipse.m2e.jdt.JarLifecycleMapping lifecycle mapping for MavenProject: Westpac_KiwiSaver_Calculator:UserStory_1and2:0.0.1-SNAPSHOT @ C:\Users\HP\eclipse-workspace\UserStory_1and2\pom.xml.
2020-11-11 21:58:40,917 [Worker-14: Updating Maven Dependencies] INFO  o.e.m.c.i.l.LifecycleMappingFactory - Using org.eclipse.m2e.jdt.JarLifecycleMapping lifecycle mapping for MavenProject: iNet001:iNet001:0.0.1-SNAPSHOT @ C:\Users\HP\eclipse-workspace\iNet001\pom.xml.
2020-11-11 21:58:44,332 [Worker-9: Building workspace] INFO  o.e.m.c.i.embedder.EclipseLogger - Using 'UTF-8' encoding to copy filtered resources.
2020-11-11 21:58:44,333 [Worker-9: Building workspace] INFO  o.e.m.c.i.embedder.EclipseLogger - skip non existing resourceDirectory C:\Users\HP\eclipse-workspace\UserStory_1and2\src\main\resources
2020-11-11 21:58:44,335 [Worker-9: Building workspace] INFO  o.e.m.c.i.embedder.EclipseLogger - Using 'UTF-8' encoding to copy filtered resources.
2020-11-11 21:58:44,336 [Worker-9: Building workspace] INFO  o.e.m.c.i.embedder.EclipseLogger - skip non existing resourceDirectory C:\Users\HP\eclipse-workspace\UserStory_1and2\src\test\resources
2020-11-11 21:58:46,004 [Worker-6: Updating Maven Dependencies] INFO  o.e.m.c.i.l.LifecycleMappingFactory - Using org.eclipse.m2e.jdt.JarLifecycleMapping lifecycle mapping for MavenProject: iNet001:iNet001:0.0.1-SNAPSHOT @ C:\Users\HP\eclipse-workspace\iNet001\pom.xml.
2020-11-11 21:58:47,551 [Worker-6: Updating Maven Dependencies] INFO  o.e.m.c.i.l.LifecycleMappingFactory - Using org.eclipse.m2e.jdt.JarLifecycleMapping lifecycle mapping for MavenProject: TradeMe_Sandbox:UsedCars:0.0.1-SNAPSHOT @ C:\Users\HP\eclipse-workspace\UsedCars\pom.xml.
2020-11-11 21:58:48,754 [Worker-9: Building workspace] INFO  o.e.m.c.i.l.LifecycleMappingFactory - Using org.eclipse.m2e.jdt.JarLifecycleMapping lifecycle mapping for MavenProject: Westpac_KiwiSaver_Calculator:Westpac_KiwiSaver_Calculator:0.0.1-SNAPSHOT @ C:\Users\HP\eclipse-workspace\Westpac_KiwiSaver_Calculator\pom.xml.
2020-11-11 21:59:05,135 [Worker-9: Building workspace] INFO  o.e.m.c.i.embedder.EclipseLogger - Using 'UTF-8' encoding to copy filtered resources.
2020-11-11 21:59:05,136 [Worker-9: Building workspace] INFO  o.e.m.c.i.embedder.EclipseLogger - skip non existing resourceDirectory C:\Users\HP\eclipse-workspace\Westpac_KiwiSaver_Calculator\src\main\resources
2020-11-11 21:59:05,139 [Worker-9: Building workspace] INFO  o.e.m.c.i.embedder.EclipseLogger - Using 'UTF-8' encoding to copy filtered resources.
2020-11-11 21:59:05,140 [Worker-9: Building workspace] INFO  o.e.m.c.i.embedder.EclipseLogger - skip non existing resourceDirectory C:\Users\HP\eclipse-workspace\Westpac_KiwiSaver_Calculator\src\test\resources
2020-11-11 21:59:08,819 [Worker-6: Updating Maven Dependencies] INFO  o.e.m.c.i.l.LifecycleMappingFactory - Using org.eclipse.m2e.jdt.JarLifecycleMapping lifecycle mapping for MavenProject: iNet001:iNet001:0.0.1-SNAPSHOT @ C:\Users\HP\eclipse-workspace\iNet001\pom.xml.
2020-11-11 21:59:10,612 [Worker-6: Updating Maven Dependencies] INFO  o.e.m.c.i.l.LifecycleMappingFactory - Using org.eclipse.m2e.jdt.JarLifecycleMapping lifecycle mapping for MavenProject: TradeMe_Sandbox:UsedCars:0.0.1-SNAPSHOT @ C:\Users\HP\eclipse-workspace\UsedCars\pom.xml.
2020-11-11 21:59:12,256 [Worker-13: Building workspace] INFO  o.e.m.c.i.embedder.EclipseLogger - Using 'UTF-8' encoding to copy filtered resources.
2020-11-11 21:59:12,257 [Worker-13: Building workspace] INFO  o.e.m.c.i.embedder.EclipseLogger - skip non existing resourceDirectory C:\Users\HP\eclipse-workspace\UsedCars\src\main\resources
2020-11-11 21:59:12,260 [Worker-13: Building workspace] INFO  o.e.m.c.i.embedder.EclipseLogger - Using 'UTF-8' encoding to copy filtered resources.
2020-11-11 21:59:12,260 [Worker-13: Building workspace] INFO  o.e.m.c.i.embedder.EclipseLogger - skip non existing resourceDirectory C:\Users\HP\eclipse-workspace\UsedCars\src\test\resources
2020-11-11 21:59:21,207 [Worker-19: Building workspace] INFO  o.e.m.c.i.embedder.EclipseLogger - Using 'UTF-8' encoding to copy filtered resources.
2020-11-11 21:59:21,208 [Worker-19: Building workspace] INFO  o.e.m.c.i.embedder.EclipseLogger - skip non existing resourceDirectory C:\Users\HP\eclipse-workspace\UsedCars\src\main\resources
2020-11-11 21:59:21,211 [Worker-19: Building workspace] INFO  o.e.m.c.i.embedder.EclipseLogger - Using 'UTF-8' encoding to copy filtered resources.
2020-11-11 21:59:21,212 [Worker-19: Building workspace] INFO  o.e.m.c.i.embedder.EclipseLogger - skip non existing resourceDirectory C:\Users\HP\eclipse-workspace\UsedCars\src\test\resources
2020-11-11 21:59:21,345 [Worker-19: Building workspace] INFO  o.e.m.c.i.embedder.EclipseLogger - Using 'UTF-8' encoding to copy filtered resources.
2020-11-11 21:59:21,346 [Worker-19: Building workspace] INFO  o.e.m.c.i.embedder.EclipseLogger - skip non existing resourceDirectory C:\Users\HP\eclipse-workspace\UserStory_1and2\src\main\resources
2020-11-11 21:59:21,350 [Worker-19: Building workspace] INFO  o.e.m.c.i.embedder.EclipseLogger - Using 'UTF-8' encoding to copy filtered resources.
2020-11-11 21:59:21,350 [Worker-19: Building workspace] INFO  o.e.m.c.i.embedder.EclipseLogger - skip non existing resourceDirectory C:\Users\HP\eclipse-workspace\UserStory_1and2\src\test\resources
2020-11-11 21:59:23,105 [Worker-19: Building workspace] INFO  o.e.m.c.i.embedder.EclipseLogger - Using 'UTF-8' encoding to copy filtered resources.
2020-11-11 21:59:23,106 [Worker-19: Building workspace] INFO  o.e.m.c.i.embedder.EclipseLogger - skip non existing resourceDirectory C:\Users\HP\eclipse-workspace\Westpac_KiwiSaver_Calculator\src\main\resources
2020-11-11 21:59:23,107 [Worker-19: Building workspace] INFO  o.e.m.c.i.embedder.EclipseLogger - Using 'UTF-8' encoding to copy filtered resources.
2020-11-11 21:59:23,107 [Worker-19: Building workspace] INFO  o.e.m.c.i.embedder.EclipseLogger - skip non existing resourceDirectory C:\Users\HP\eclipse-workspace\Westpac_KiwiSaver_Calculator\src\test\resources
2020-11-11 21:59:23,592 [Worker-19: Building workspace] INFO  o.e.m.c.i.embedder.EclipseLogger - Using 'UTF-8' encoding to copy filtered resources.
2020-11-11 21:59:23,593 [Worker-19: Building workspace] INFO  o.e.m.c.i.embedder.EclipseLogger - skip non existing resourceDirectory C:\Users\HP\eclipse-workspace\iNet001\src\main\resources
2020-11-11 21:59:23,595 [Worker-19: Building workspace] INFO  o.e.m.c.i.embedder.EclipseLogger - Using 'UTF-8' encoding to copy filtered resources.
2020-11-11 21:59:23,595 [Worker-19: Building workspace] INFO  o.e.m.c.i.embedder.EclipseLogger - skip non existing resourceDirectory C:\Users\HP\eclipse-workspace\iNet001\src\test\resources
2020-11-11 22:06:11,417 [Worker-3: Loading available Gradle versions] INFO  o.e.b.c.i.u.g.PublishedGradleVersions - Gradle version information cache is up-to-date. Trying to read.
